<?xml version="1.0" encoding="UTF-8"?>
<!-- Generated by org.testng.reporters.JUnitXMLReporter -->
<testsuite ignored="1" hostname="DESKTOP-TAUR7C6" failures="0" tests="3" name="Default test" time="44.19" errors="0" timestamp="2022-03-19T18:34:50 NZDT">
  <testcase classname="Testcases.LoginTest" name="ExternalDataTest" time="6.796"/>
  <testcase classname="Testcases.LoginTest" name="LoginFailiureTest" time="6.549"/>
  <testcase classname="Testcases.LoginTest" name="LoginSuccessTest" time="6.975"/>
  <testcase classname="Testcases.LoginTest" name="ParameterizedTest" time="0.0">
    <ignored/>
  </testcase> <!-- ParameterizedTest -->
</testsuite> <!-- Default test -->
