<?xml version="1.0" encoding="UTF-8"?>
<!-- Generated by org.testng.reporters.JUnitXMLReporter -->
<testsuite ignored="1" hostname="DESKTOP-TAUR7C6" failures="0" tests="3" name="Test" time="48.126" errors="0" timestamp="2022-03-13T17:33:23 NZDT">
  <testcase classname="Testcases.LoginTest" name="ExternalDataTest" time="8.113"/>
  <testcase classname="Testcases.LoginTest" name="LoginFailiureTest" time="9.435"/>
  <testcase classname="Testcases.LoginTest" name="LoginSuccessTest" time="6.421"/>
  <testcase classname="Testcases.LoginTest" name="ParameterizedTest" time="0.0">
    <ignored/>
  </testcase> <!-- ParameterizedTest -->
</testsuite> <!-- Test -->
