<?xml version="1.0" encoding="UTF-8"?>
<testng-results ignored="3" total="4" passed="1" failed="0" skipped="0">
  <reporter-output>
  </reporter-output>
  <suite started-at="2022-03-14T22:32:39 NZDT" name="Default suite" finished-at="2022-03-14T22:32:53 NZDT" duration-ms="13744">
    <groups>
    </groups>
    <test started-at="2022-03-14T22:32:39 NZDT" name="Default test" finished-at="2022-03-14T22:32:53 NZDT" duration-ms="13744">
      <class name="Testcases.LoginTest">
        <test-method is-config="true" signature="DataSetUP()[pri:0, instance:Testcases.LoginTest@f5acb9d]" started-at="2022-03-14T22:32:39 NZDT" name="DataSetUP" finished-at="2022-03-14T22:32:40 NZDT" duration-ms="1051" status="PASS">
          <reporter-output>
          </reporter-output>
        </test-method> <!-- DataSetUP -->
        <test-method is-config="true" signature="SetUp(java.lang.reflect.Method)[pri:0, instance:Testcases.LoginTest@f5acb9d]" started-at="2022-03-14T22:32:40 NZDT" name="SetUp" finished-at="2022-03-14T22:32:46 NZDT" duration-ms="6339" status="PASS">
          <params>
            <param index="0">
              <value>
                <![CDATA[public void Testcases.LoginTest.LoginFailiureTest()]]>
              </value>
            </param>
          </params>
          <reporter-output>
          </reporter-output>
        </test-method> <!-- SetUp -->
        <test-method signature="LoginFailiureTest()[pri:0, instance:Testcases.LoginTest@f5acb9d]" started-at="2022-03-14T22:32:46 NZDT" name="LoginFailiureTest" finished-at="2022-03-14T22:32:52 NZDT" duration-ms="5516" status="PASS">
          <reporter-output>
          </reporter-output>
        </test-method> <!-- LoginFailiureTest -->
        <test-method is-config="true" signature="TearDown()[pri:0, instance:Testcases.LoginTest@f5acb9d]" started-at="2022-03-14T22:32:52 NZDT" name="TearDown" finished-at="2022-03-14T22:32:52 NZDT" duration-ms="391" status="PASS">
          <reporter-output>
          </reporter-output>
        </test-method> <!-- TearDown -->
        <test-method is-config="true" signature="DataTearDown()[pri:0, instance:Testcases.LoginTest@f5acb9d]" started-at="2022-03-14T22:32:52 NZDT" name="DataTearDown" finished-at="2022-03-14T22:32:53 NZDT" duration-ms="395" status="PASS">
          <reporter-output>
          </reporter-output>
        </test-method> <!-- DataTearDown -->
      </class> <!-- Testcases.LoginTest -->
    </test> <!-- Default test -->
  </suite> <!-- Default suite -->
</testng-results>
