<?xml version="1.0" encoding="UTF-8"?>
<testng-results ignored="1" total="4" passed="3" failed="0" skipped="0">
  <reporter-output>
  </reporter-output>
  <suite started-at="2022-03-19T18:34:06 NZDT" name="Default suite" finished-at="2022-03-19T18:34:50 NZDT" duration-ms="44190">
    <groups>
    </groups>
    <test started-at="2022-03-19T18:34:06 NZDT" name="Default test" finished-at="2022-03-19T18:34:50 NZDT" duration-ms="44190">
      <class name="Testcases.LoginTest">
        <test-method is-config="true" signature="DataSetUP()[pri:0, instance:Testcases.LoginTest@66d3eec0]" started-at="2022-03-19T18:34:06 NZDT" name="DataSetUP" finished-at="2022-03-19T18:34:08 NZDT" duration-ms="1673" status="PASS">
          <reporter-output>
          </reporter-output>
        </test-method> <!-- DataSetUP -->
        <test-method is-config="true" signature="SetUp(java.lang.reflect.Method)[pri:0, instance:Testcases.LoginTest@66d3eec0]" started-at="2022-03-19T18:34:08 NZDT" name="SetUp" finished-at="2022-03-19T18:34:16 NZDT" duration-ms="8221" status="PASS">
          <params>
            <param index="0">
              <value>
                <![CDATA[public void Testcases.LoginTest.ExternalDataTest()]]>
              </value>
            </param>
          </params>
          <reporter-output>
          </reporter-output>
        </test-method> <!-- SetUp -->
        <test-method signature="ExternalDataTest()[pri:0, instance:Testcases.LoginTest@66d3eec0]" started-at="2022-03-19T18:34:16 NZDT" name="ExternalDataTest" finished-at="2022-03-19T18:34:23 NZDT" duration-ms="6796" status="PASS">
          <reporter-output>
          </reporter-output>
        </test-method> <!-- ExternalDataTest -->
        <test-method is-config="true" signature="TearDown()[pri:0, instance:Testcases.LoginTest@66d3eec0]" started-at="2022-03-19T18:34:23 NZDT" name="TearDown" finished-at="2022-03-19T18:34:23 NZDT" duration-ms="419" status="PASS">
          <reporter-output>
          </reporter-output>
        </test-method> <!-- TearDown -->
        <test-method is-config="true" signature="SetUp(java.lang.reflect.Method)[pri:0, instance:Testcases.LoginTest@66d3eec0]" started-at="2022-03-19T18:34:23 NZDT" name="SetUp" finished-at="2022-03-19T18:34:29 NZDT" duration-ms="5890" status="PASS">
          <params>
            <param index="0">
              <value>
                <![CDATA[public void Testcases.LoginTest.LoginFailiureTest()]]>
              </value>
            </param>
          </params>
          <reporter-output>
          </reporter-output>
        </test-method> <!-- SetUp -->
        <test-method signature="LoginFailiureTest()[pri:0, instance:Testcases.LoginTest@66d3eec0]" started-at="2022-03-19T18:34:29 NZDT" name="LoginFailiureTest" finished-at="2022-03-19T18:34:36 NZDT" duration-ms="6549" status="PASS">
          <reporter-output>
          </reporter-output>
        </test-method> <!-- LoginFailiureTest -->
        <test-method is-config="true" signature="TearDown()[pri:0, instance:Testcases.LoginTest@66d3eec0]" started-at="2022-03-19T18:34:36 NZDT" name="TearDown" finished-at="2022-03-19T18:34:36 NZDT" duration-ms="371" status="PASS">
          <reporter-output>
          </reporter-output>
        </test-method> <!-- TearDown -->
        <test-method is-config="true" signature="SetUp(java.lang.reflect.Method)[pri:0, instance:Testcases.LoginTest@66d3eec0]" started-at="2022-03-19T18:34:36 NZDT" name="SetUp" finished-at="2022-03-19T18:34:42 NZDT" duration-ms="5962" status="PASS">
          <params>
            <param index="0">
              <value>
                <![CDATA[public void Testcases.LoginTest.LoginSuccessTest()]]>
              </value>
            </param>
          </params>
          <reporter-output>
          </reporter-output>
        </test-method> <!-- SetUp -->
        <test-method signature="LoginSuccessTest()[pri:0, instance:Testcases.LoginTest@66d3eec0]" started-at="2022-03-19T18:34:42 NZDT" name="LoginSuccessTest" finished-at="2022-03-19T18:34:49 NZDT" duration-ms="6975" status="PASS">
          <reporter-output>
          </reporter-output>
        </test-method> <!-- LoginSuccessTest -->
        <test-method is-config="true" signature="TearDown()[pri:0, instance:Testcases.LoginTest@66d3eec0]" started-at="2022-03-19T18:34:49 NZDT" name="TearDown" finished-at="2022-03-19T18:34:50 NZDT" duration-ms="512" status="PASS">
          <reporter-output>
          </reporter-output>
        </test-method> <!-- TearDown -->
        <test-method is-config="true" signature="DataTearDown()[pri:0, instance:Testcases.LoginTest@66d3eec0]" started-at="2022-03-19T18:34:50 NZDT" name="DataTearDown" finished-at="2022-03-19T18:34:50 NZDT" duration-ms="735" status="PASS">
          <reporter-output>
          </reporter-output>
        </test-method> <!-- DataTearDown -->
      </class> <!-- Testcases.LoginTest -->
    </test> <!-- Default test -->
  </suite> <!-- Default suite -->
</testng-results>
